# configure exec: ./configure --prefix=/tmp/1431999136518149/cd6bbd60-ccfb-4157-8a94-407cf273a6e0-1431999136518149/nodejs/node_modules/node-rdkafka/build/deps --libdir=/tmp/1431999136518149/cd6bbd60-ccfb-4157-8a94-407cf273a6e0-1431999136518149/nodejs/node_modules/node-rdkafka/build/deps --prefix=/tmp/1431999136518149/cd6bbd60-ccfb-4157-8a94-407cf273a6e0-1431999136518149/nodejs/node_modules/node-rdkafka/build/deps --libdir=/tmp/1431999136518149/cd6bbd60-ccfb-4157-8a94-407cf273a6e0-1431999136518149/nodejs/node_modules/node-rdkafka/build/deps
# On Mon Aug 15 10:01:54 UTC 2022
DBG 88: Setting distro (distro) status to ok (action ignore)
DBG 88: ccenv: WITH_CC:  --version failed: mklove/modules/configure.base: line 1798: --version: command not found
DBG 88: Setting ccenv (ccenv) status to failed (action cont)
DBG 88: Check ccenv (WITH_CC, action cont (originally cont)) failed: command ' --version' failed:
mklove/modules/configure.base: line 1798: --version: command not found
DBG 88: Setting gcc (gcc) status to ok (action cont)
DBG 88: cxxenv: WITH_CXX:  --version failed: mklove/modules/configure.base: line 1798: --version: command not found
DBG 88: Setting cxxenv (cxxenv) status to failed (action cont)
DBG 88: Check cxxenv (WITH_CXX, action cont (originally cont)) failed: command ' --version' failed:
mklove/modules/configure.base: line 1798: --version: command not found
DBG 88: Setting gxx (gxx) status to ok (action cont)
DBG 88: Setting ld (ld) status to ok (action disable)
DBG 88: Setting nm (nm) status to ok (action disable)
DBG 88: Setting objdump (objdump) status to ok (action disable)
DBG 88: Setting strip (strip) status to ok (action disable)
DBG 88: libtool: : libtool is not executable: 
DBG 88: Setting libtool (libtool) status to failed (action disable)
DBG 88: Check libtool (, action disable (originally disable)) failed: libtool is not executable
DBG 88: Setting ranlib (ranlib) status to ok (action disable)
DBG 88: Setting pkgconfig (pkgconfig) status to ok (action cont)
DBG 88: Setting install (install) status to ok (action cont)
DBG 88: Setting gnuar (gnuar) status to ok (action disable)
DBG 88: Compile check PIC (HAVE_PIC) (sub=0): gcc  -g -O2 -Wall -Werror _mkltmp4RcPby.c -o _mkltmp4RcPby.c.o  -L/tmp/1431999136518149/cd6bbd60-ccfb-4157-8a94-407cf273a6e0-1431999136518149/nodejs/node_modules/node-rdkafka/build/deps -fPIC
DBG 88: Setting PIC (PIC) status to ok (action disable)
DBG 88: Compile check gnulib (WITH_GNULD) (sub=0): gcc  -g -O2 -fPIC -Wall -Werror _mkltmpS7zPL7.c -o _mkltmpS7zPL7.c.o  -L/tmp/1431999136518149/cd6bbd60-ccfb-4157-8a94-407cf273a6e0-1431999136518149/nodejs/node_modules/node-rdkafka/build/deps -shared -Wl,-soname,mkltest.0
DBG 88: Setting gnulib (gnulib) status to ok (action cont)
DBG 88: Compile check ldsflagvs () (sub=0): gcc  -g -O2 -fPIC -Wall -Werror _mkltmp3GtiIs.c -o _mkltmp3GtiIs.c.o  -L/tmp/1431999136518149/cd6bbd60-ccfb-4157-8a94-407cf273a6e0-1431999136518149/nodejs/node_modules/node-rdkafka/build/deps -shared -Wl,--version-script=_mkltmp7LKucd
DBG 88: Setting ldsflagvs (ldsflagvs) status to ok (action cont)
DBG 88: Compile check __atomic_32 (HAVE_ATOMICS_32) (sub=0): gcc  -g -O2 -fPIC -Wall -Werror _mkltmpf1ATB5.c -o _mkltmpf1ATB5.c.o  -L/tmp/1431999136518149/cd6bbd60-ccfb-4157-8a94-407cf273a6e0-1431999136518149/nodejs/node_modules/node-rdkafka/build/deps 
DBG 88: Setting __atomic_32 (__atomic_32) status to ok (action cont)
DBG 88: Compile check __atomic_64 (HAVE_ATOMICS_64) (sub=0): gcc  -g -O2 -fPIC -Wall -Werror _mkltmp0MCj8t.c -o _mkltmp0MCj8t.c.o  -L/tmp/1431999136518149/cd6bbd60-ccfb-4157-8a94-407cf273a6e0-1431999136518149/nodejs/node_modules/node-rdkafka/build/deps 
DBG 88: Setting __atomic_64 (__atomic_64) status to ok (action cont)
DBG 88: Compile check socket () (sub=0): gcc  -g -O2 -fPIC -Wall -Wsign-compare -Wfloat-equal -Wpointer-arith -Wcast-align -Wall -Werror _mkltmp7OhbcF.c -o _mkltmp7OhbcF.c.o  -L/tmp/1431999136518149/cd6bbd60-ccfb-4157-8a94-407cf273a6e0-1431999136518149/nodejs/node_modules/node-rdkafka/build/deps 
DBG 88: Setting socket (socket) status to ok (action cont)
DBG 88: Setting parseversion (parseversion) status to ok (action cont)
DBG 88: pkg-config check librt for CFLAGS (): pkg-config --short-errors --cflags librt
DBG 88: 'pkg-config --short-errors --cflags librt' failed: No package 'librt' found
DBG 88: Setting librt_PKGCONFIG (librt_PKGCONFIG) status to failed (action cont)
DBG 88: Check librt_PKGCONFIG (, action cont (originally cont)) failed: 'pkg-config --short-errors --cflags librt' failed:
No package 'librt' found
DBG 88: librt: Check for static library (libs -lrt, arfile variable STATIC_LIB_librt=, static filenames )
DBG 88: Compile check librt () (sub=0): gcc  -g -O2 -fPIC -Wall -Wsign-compare -Wfloat-equal -Wpointer-arith -Wcast-align -Wall -Werror _mkltmpHjs05x.c -o _mkltmpHjs05x.c.o  -L/tmp/1431999136518149/cd6bbd60-ccfb-4157-8a94-407cf273a6e0-1431999136518149/nodejs/node_modules/node-rdkafka/build/deps -lrt
DBG 88: Setting librt (librt) status to ok (action cont)
DBG 88: librt: from lib_check: LIBS: prepend -lrt
DBG 88: pkg-config check libpthread for CFLAGS (): pkg-config --short-errors --cflags libpthread
DBG 88: 'pkg-config --short-errors --cflags libpthread' failed: No package 'libpthread' found
DBG 88: Setting libpthread_PKGCONFIG (libpthread_PKGCONFIG) status to failed (action cont)
DBG 88: Check libpthread_PKGCONFIG (, action cont (originally cont)) failed: 'pkg-config --short-errors --cflags libpthread' failed:
No package 'libpthread' found
DBG 88: libpthread: Check for static library (libs -lpthread, arfile variable STATIC_LIB_libpthread=, static filenames )
DBG 88: Compile check libpthread () (sub=0): gcc  -g -O2 -fPIC -Wall -Wsign-compare -Wfloat-equal -Wpointer-arith -Wcast-align -Wall -Werror _mkltmp4Sc5VQ.c -o _mkltmp4Sc5VQ.c.o  -L/tmp/1431999136518149/cd6bbd60-ccfb-4157-8a94-407cf273a6e0-1431999136518149/nodejs/node_modules/node-rdkafka/build/deps -lpthread
DBG 88: Setting libpthread (libpthread) status to ok (action fail)
DBG 88: libpthread: from lib_check: LIBS: prepend -lpthread
DBG 88: pkg-config check c11threads for CFLAGS (WITH_C11THREADS): pkg-config --short-errors --cflags c11threads
DBG 88: 'pkg-config --short-errors --cflags c11threads' failed: No package 'c11threads' found
DBG 88: Setting c11threads_PKGCONFIG (c11threads_PKGCONFIG) status to failed (action cont)
DBG 88: Check c11threads_PKGCONFIG (, action cont (originally cont)) failed: 'pkg-config --short-errors --cflags c11threads' failed:
No package 'c11threads' found
DBG 88: c11threads: Check for static library (libs -lpthread -lrt, arfile variable STATIC_LIB_c11threads=, static filenames )
DBG 88: Compile check c11threads (WITH_C11THREADS) (sub=0): gcc  -g -O2 -fPIC -Wall -Wsign-compare -Wfloat-equal -Wpointer-arith -Wcast-align -Wall -Werror _mkltmpi7WnEg.c -o _mkltmpi7WnEg.c.o  -L/tmp/1431999136518149/cd6bbd60-ccfb-4157-8a94-407cf273a6e0-1431999136518149/nodejs/node_modules/node-rdkafka/build/deps -lpthread -lrt
DBG 88: compile check for c11threads (WITH_C11THREADS) failed: gcc  -g -O2 -fPIC -Wall -Wsign-compare -Wfloat-equal -Wpointer-arith -Wcast-align -Wall -Werror _mkltmpi7WnEg.c -o _mkltmpi7WnEg.c.o  -L/tmp/1431999136518149/cd6bbd60-ccfb-4157-8a94-407cf273a6e0-1431999136518149/nodejs/node_modules/node-rdkafka/build/deps -lpthread -lrt: _mkltmpi7WnEg.c:2:21: fatal error: threads.h: No such file or directory
 #include <threads.h>
                     ^
compilation terminated.
DBG 88: Setting c11threads (c11threads) status to failed (action disable)
DBG 88: Check c11threads (WITH_C11THREADS, action disable (originally disable)) failed: compile check failed:
CC: CC
flags: -lpthread -lrt
gcc  -g -O2 -fPIC -Wall -Wsign-compare -Wfloat-equal -Wpointer-arith -Wcast-align -Wall -Werror _mkltmpi7WnEg.c -o _mkltmpi7WnEg.c.o  -L/tmp/1431999136518149/cd6bbd60-ccfb-4157-8a94-407cf273a6e0-1431999136518149/nodejs/node_modules/node-rdkafka/build/deps -lpthread -lrt:
_mkltmpi7WnEg.c:2:21: fatal error: threads.h: No such file or directory
 #include <threads.h>
                     ^
compilation terminated.
source: 
#include <threads.h>


static int start_func (void *arg) {
   int iarg = *(int *)arg;
   return iarg;
}

void foo (void) {
    thrd_t thr;
    int arg = 1;
    if (thrd_create(&thr, start_func, (void *)&arg) != thrd_success) {
      ;
    }
}

DBG 88: pkg-config check libdl for CFLAGS (WITH_LIBDL): pkg-config --short-errors --cflags libdl
DBG 88: 'pkg-config --short-errors --cflags libdl' failed: No package 'libdl' found
DBG 88: Setting libdl_PKGCONFIG (libdl_PKGCONFIG) status to failed (action cont)
DBG 88: Check libdl_PKGCONFIG (, action cont (originally cont)) failed: 'pkg-config --short-errors --cflags libdl' failed:
No package 'libdl' found
DBG 88: libdl: Check for static library (libs -ldl, arfile variable STATIC_LIB_libdl=, static filenames )
DBG 88: Compile check libdl (WITH_LIBDL) (sub=0): gcc  -g -O2 -fPIC -Wall -Wsign-compare -Wfloat-equal -Wpointer-arith -Wcast-align -Wall -Werror _mkltmpSJLFGJ.c -o _mkltmpSJLFGJ.c.o  -L/tmp/1431999136518149/cd6bbd60-ccfb-4157-8a94-407cf273a6e0-1431999136518149/nodejs/node_modules/node-rdkafka/build/deps -ldl
DBG 88: Setting libdl (libdl) status to ok (action disable)
DBG 88: libdl: from lib_check: LIBS: prepend -ldl
DBG 88: pkg-config check zlib for CFLAGS (WITH_ZLIB): pkg-config --short-errors --cflags zlib
DBG 88: pkg-config check zlib for LIBS (WITH_ZLIB): pkg-config --short-errors --libs zlib
DBG 88: zlib: from pkg-config: CFLAGS '', LIBS '-ldl -lpthread -lrt'
DBG 88: zlib: performing compile check using pkg-config info
DBG 88: Compile check zlib (WITH_ZLIB) (sub=1): gcc  -g -O2 -fPIC -Wall -Wsign-compare -Wfloat-equal -Wpointer-arith -Wcast-align -Wall -Werror _mkltmpZWZave.c -o _mkltmpZWZave.c.o  -L/tmp/1431999136518149/cd6bbd60-ccfb-4157-8a94-407cf273a6e0-1431999136518149/nodejs/node_modules/node-rdkafka/build/deps  -lz
DBG 88: zlib: Check for static library (libs -lz, arfile variable STATIC_LIB_zlib=, static filenames libz.a)
DBG 88: zlib: from pkg-config: LIBS: prepend -lz
DBG 88: Setting zlib (zlib) status to ok (action cont)
DBG 88: pkg-config check libcrypto for CFLAGS (): pkg-config --short-errors --cflags libcrypto
DBG 88: pkg-config check libcrypto for LIBS (): pkg-config --short-errors --libs libcrypto
DBG 88: libcrypto: from pkg-config: CFLAGS '', LIBS '-lz -ldl -lpthread -lrt'
DBG 88: libcrypto: performing compile check using pkg-config info
DBG 88: Compile check libcrypto () (sub=1): gcc  -g -O2 -fPIC -Wall -Wsign-compare -Wfloat-equal -Wpointer-arith -Wcast-align -Wall -Werror _mkltmpAh1W17.c -o _mkltmpAh1W17.c.o  -L/tmp/1431999136518149/cd6bbd60-ccfb-4157-8a94-407cf273a6e0-1431999136518149/nodejs/node_modules/node-rdkafka/build/deps  -lcrypto
DBG 88: libcrypto: Check for static library (libs -lcrypto, arfile variable STATIC_LIB_libcrypto=, static filenames libcrypto.a)
DBG 88: libcrypto: from pkg-config: LIBS: prepend -lcrypto
DBG 88: Setting libcrypto (libcrypto) status to ok (action cont)
DBG 88: pkg-config check libssl for CFLAGS (WITH_SSL): pkg-config --short-errors --cflags libssl
DBG 88: pkg-config check libssl for LIBS (WITH_SSL): pkg-config --short-errors --libs libssl
DBG 88: libssl: from pkg-config: CFLAGS '', LIBS '-lcrypto -lz -ldl -lpthread -lrt'
DBG 88: libssl: performing compile check using pkg-config info
DBG 88: Compile check libssl (WITH_SSL) (sub=1): gcc  -g -O2 -fPIC -Wall -Wsign-compare -Wfloat-equal -Wpointer-arith -Wcast-align -Wall -Werror _mkltmpy0CdHH.c -o _mkltmpy0CdHH.c.o  -L/tmp/1431999136518149/cd6bbd60-ccfb-4157-8a94-407cf273a6e0-1431999136518149/nodejs/node_modules/node-rdkafka/build/deps  -lssl
DBG 88: libssl: Check for static library (libs -lssl, arfile variable STATIC_LIB_libssl=, static filenames libssl.a)
DBG 88: libssl: from pkg-config: LIBS: prepend -lssl
DBG 88: Setting libssl (libssl) status to ok (action cont)
DBG 88: pkg-config check libsasl2 for CFLAGS (WITH_SASL_CYRUS): pkg-config --short-errors --cflags libsasl2
DBG 88: 'pkg-config --short-errors --cflags libsasl2' failed: No package 'libsasl2' found
DBG 88: Setting libsasl2_PKGCONFIG (libsasl2_PKGCONFIG) status to failed (action cont)
DBG 88: Check libsasl2_PKGCONFIG (, action cont (originally cont)) failed: 'pkg-config --short-errors --cflags libsasl2' failed:
No package 'libsasl2' found
DBG 88: libsasl2: Check for static library (libs -lsasl2, arfile variable STATIC_LIB_libsasl2=, static filenames )
DBG 88: Compile check libsasl2 (WITH_SASL_CYRUS) (sub=0): gcc  -g -O2 -fPIC -Wall -Wsign-compare -Wfloat-equal -Wpointer-arith -Wcast-align -Wall -Werror _mkltmpcq1I40.c -o _mkltmpcq1I40.c.o  -L/tmp/1431999136518149/cd6bbd60-ccfb-4157-8a94-407cf273a6e0-1431999136518149/nodejs/node_modules/node-rdkafka/build/deps -lsasl2
DBG 88: compile check for libsasl2 (WITH_SASL_CYRUS) failed: gcc  -g -O2 -fPIC -Wall -Wsign-compare -Wfloat-equal -Wpointer-arith -Wcast-align -Wall -Werror _mkltmpcq1I40.c -o _mkltmpcq1I40.c.o  -L/tmp/1431999136518149/cd6bbd60-ccfb-4157-8a94-407cf273a6e0-1431999136518149/nodejs/node_modules/node-rdkafka/build/deps -lsasl2: _mkltmpcq1I40.c:3:23: fatal error: sasl/sasl.h: No such file or directory
 #include <sasl/sasl.h>
                       ^
compilation terminated.
DBG 88: Setting libsasl2 (libsasl2) status to failed (action disable)
DBG 88: Check libsasl2 (WITH_SASL_CYRUS, action disable (originally disable)) failed: compile check failed:
CC: CC
flags: -lsasl2
gcc  -g -O2 -fPIC -Wall -Wsign-compare -Wfloat-equal -Wpointer-arith -Wcast-align -Wall -Werror _mkltmpcq1I40.c -o _mkltmpcq1I40.c.o  -L/tmp/1431999136518149/cd6bbd60-ccfb-4157-8a94-407cf273a6e0-1431999136518149/nodejs/node_modules/node-rdkafka/build/deps -lsasl2:
_mkltmpcq1I40.c:3:23: fatal error: sasl/sasl.h: No such file or directory
 #include <sasl/sasl.h>
                       ^
compilation terminated.
source: 
#include <stddef.h>
#include <sasl/sasl.h>

DBG 88: pkg-config check libsasl for CFLAGS (WITH_SASL_CYRUS): pkg-config --short-errors --cflags libsasl
DBG 88: 'pkg-config --short-errors --cflags libsasl' failed: No package 'libsasl' found
DBG 88: Setting libsasl_PKGCONFIG (libsasl_PKGCONFIG) status to failed (action cont)
DBG 88: Check libsasl_PKGCONFIG (, action cont (originally cont)) failed: 'pkg-config --short-errors --cflags libsasl' failed:
No package 'libsasl' found
DBG 88: libsasl: Check for static library (libs -lsasl, arfile variable STATIC_LIB_libsasl=, static filenames )
DBG 88: Compile check libsasl (WITH_SASL_CYRUS) (sub=0): gcc  -g -O2 -fPIC -Wall -Wsign-compare -Wfloat-equal -Wpointer-arith -Wcast-align -Wall -Werror _mkltmpbqODvk.c -o _mkltmpbqODvk.c.o  -L/tmp/1431999136518149/cd6bbd60-ccfb-4157-8a94-407cf273a6e0-1431999136518149/nodejs/node_modules/node-rdkafka/build/deps -lsasl
DBG 88: compile check for libsasl (WITH_SASL_CYRUS) failed: gcc  -g -O2 -fPIC -Wall -Wsign-compare -Wfloat-equal -Wpointer-arith -Wcast-align -Wall -Werror _mkltmpbqODvk.c -o _mkltmpbqODvk.c.o  -L/tmp/1431999136518149/cd6bbd60-ccfb-4157-8a94-407cf273a6e0-1431999136518149/nodejs/node_modules/node-rdkafka/build/deps -lsasl: _mkltmpbqODvk.c:3:23: fatal error: sasl/sasl.h: No such file or directory
 #include <sasl/sasl.h>
                       ^
compilation terminated.
DBG 88: Setting libsasl (libsasl) status to failed (action disable)
DBG 88: Check libsasl (WITH_SASL_CYRUS, action disable (originally disable)) failed: compile check failed:
CC: CC
flags: -lsasl
gcc  -g -O2 -fPIC -Wall -Wsign-compare -Wfloat-equal -Wpointer-arith -Wcast-align -Wall -Werror _mkltmpbqODvk.c -o _mkltmpbqODvk.c.o  -L/tmp/1431999136518149/cd6bbd60-ccfb-4157-8a94-407cf273a6e0-1431999136518149/nodejs/node_modules/node-rdkafka/build/deps -lsasl:
_mkltmpbqODvk.c:3:23: fatal error: sasl/sasl.h: No such file or directory
 #include <sasl/sasl.h>
                       ^
compilation terminated.
source: 
#include <stddef.h>
#include <sasl/sasl.h>

DBG 88: pkg-config check libzstd for CFLAGS (WITH_ZSTD): pkg-config --short-errors --cflags libzstd
DBG 88: 'pkg-config --short-errors --cflags libzstd' failed: No package 'libzstd' found
DBG 88: Setting libzstd_PKGCONFIG (libzstd_PKGCONFIG) status to failed (action cont)
DBG 88: Check libzstd_PKGCONFIG (, action cont (originally cont)) failed: 'pkg-config --short-errors --cflags libzstd' failed:
No package 'libzstd' found
DBG 88: libzstd: Check for static library (libs -lzstd, arfile variable STATIC_LIB_libzstd=, static filenames libzstd.a)
DBG 88: Compile check libzstd (WITH_ZSTD) (sub=0): gcc  -g -O2 -fPIC -Wall -Wsign-compare -Wfloat-equal -Wpointer-arith -Wcast-align -Wall -Werror _mkltmpLQyMSq.c -o _mkltmpLQyMSq.c.o  -L/tmp/1431999136518149/cd6bbd60-ccfb-4157-8a94-407cf273a6e0-1431999136518149/nodejs/node_modules/node-rdkafka/build/deps -lzstd
DBG 88: compile check for libzstd (WITH_ZSTD) failed: gcc  -g -O2 -fPIC -Wall -Wsign-compare -Wfloat-equal -Wpointer-arith -Wcast-align -Wall -Werror _mkltmpLQyMSq.c -o _mkltmpLQyMSq.c.o  -L/tmp/1431999136518149/cd6bbd60-ccfb-4157-8a94-407cf273a6e0-1431999136518149/nodejs/node_modules/node-rdkafka/build/deps -lzstd: _mkltmpLQyMSq.c:2:18: fatal error: zstd.h: No such file or directory
 #include <zstd.h>
                  ^
compilation terminated.
DBG 88: Setting libzstd (libzstd) status to failed (action disable)
DBG 88: Check libzstd (WITH_ZSTD, action disable (originally disable)) failed: compile check failed:
CC: CC
flags: -lzstd
gcc  -g -O2 -fPIC -Wall -Wsign-compare -Wfloat-equal -Wpointer-arith -Wcast-align -Wall -Werror _mkltmpLQyMSq.c -o _mkltmpLQyMSq.c.o  -L/tmp/1431999136518149/cd6bbd60-ccfb-4157-8a94-407cf273a6e0-1431999136518149/nodejs/node_modules/node-rdkafka/build/deps -lzstd:
_mkltmpLQyMSq.c:2:18: fatal error: zstd.h: No such file or directory
 #include <zstd.h>
                  ^
compilation terminated.
source: 
#include <zstd.h>
#include <zstd_errors.h>

void foo (void) {
     ZSTD_getFrameContentSize(NULL, 0);
}

DBG 88: pkg-config check libm for CFLAGS (): pkg-config --short-errors --cflags libm
DBG 88: 'pkg-config --short-errors --cflags libm' failed: No package 'libm' found
DBG 88: Setting libm_PKGCONFIG (libm_PKGCONFIG) status to failed (action cont)
DBG 88: Check libm_PKGCONFIG (, action cont (originally cont)) failed: 'pkg-config --short-errors --cflags libm' failed:
No package 'libm' found
DBG 88: libm: Check for static library (libs -lm, arfile variable STATIC_LIB_libm=, static filenames )
DBG 88: Compile check libm () (sub=0): gcc  -g -O2 -fPIC -Wall -Wsign-compare -Wfloat-equal -Wpointer-arith -Wcast-align -Wall -Werror _mkltmpT778Qk.c -o _mkltmpT778Qk.c.o  -L/tmp/1431999136518149/cd6bbd60-ccfb-4157-8a94-407cf273a6e0-1431999136518149/nodejs/node_modules/node-rdkafka/build/deps -lm
DBG 88: Setting libm (libm) status to ok (action disable)
DBG 88: libm: from lib_check: LIBS: prepend -lm
DBG 88: pkg-config check liblz4 for CFLAGS (WITH_LZ4_EXT): pkg-config --short-errors --cflags liblz4
DBG 88: 'pkg-config --short-errors --cflags liblz4' failed: No package 'liblz4' found
DBG 88: Setting liblz4_PKGCONFIG (liblz4_PKGCONFIG) status to failed (action cont)
DBG 88: Check liblz4_PKGCONFIG (, action cont (originally cont)) failed: 'pkg-config --short-errors --cflags liblz4' failed:
No package 'liblz4' found
DBG 88: liblz4: Check for static library (libs -llz4, arfile variable STATIC_LIB_liblz4=, static filenames liblz4.a)
DBG 88: Compile check liblz4 (WITH_LZ4_EXT) (sub=0): gcc  -g -O2 -fPIC -Wall -Wsign-compare -Wfloat-equal -Wpointer-arith -Wcast-align -Wall -Werror _mkltmpqbQ7BE.c -o _mkltmpqbQ7BE.c.o  -L/tmp/1431999136518149/cd6bbd60-ccfb-4157-8a94-407cf273a6e0-1431999136518149/nodejs/node_modules/node-rdkafka/build/deps -llz4
DBG 88: compile check for liblz4 (WITH_LZ4_EXT) failed: gcc  -g -O2 -fPIC -Wall -Wsign-compare -Wfloat-equal -Wpointer-arith -Wcast-align -Wall -Werror _mkltmpqbQ7BE.c -o _mkltmpqbQ7BE.c.o  -L/tmp/1431999136518149/cd6bbd60-ccfb-4157-8a94-407cf273a6e0-1431999136518149/nodejs/node_modules/node-rdkafka/build/deps -llz4: _mkltmpqbQ7BE.c:1:22: fatal error: lz4frame.h: No such file or directory
 #include <lz4frame.h>
                      ^
compilation terminated.
DBG 88: Setting liblz4 (liblz4) status to failed (action disable)
DBG 88: Check liblz4 (WITH_LZ4_EXT, action disable (originally disable)) failed: compile check failed:
CC: CC
flags: -llz4
gcc  -g -O2 -fPIC -Wall -Wsign-compare -Wfloat-equal -Wpointer-arith -Wcast-align -Wall -Werror _mkltmpqbQ7BE.c -o _mkltmpqbQ7BE.c.o  -L/tmp/1431999136518149/cd6bbd60-ccfb-4157-8a94-407cf273a6e0-1431999136518149/nodejs/node_modules/node-rdkafka/build/deps -llz4:
_mkltmpqbQ7BE.c:1:22: fatal error: lz4frame.h: No such file or directory
 #include <lz4frame.h>
                      ^
compilation terminated.
source: #include <lz4frame.h>
DBG 88: Compile check syslog (WITH_SYSLOG) (sub=0): gcc  -g -O2 -fPIC -Wall -Wsign-compare -Wfloat-equal -Wpointer-arith -Wcast-align -Wall -Werror _mkltmpRdK6Yn.c -o _mkltmpRdK6Yn.c.o  -L/tmp/1431999136518149/cd6bbd60-ccfb-4157-8a94-407cf273a6e0-1431999136518149/nodejs/node_modules/node-rdkafka/build/deps 
DBG 88: Setting syslog (syslog) status to ok (action disable)
DBG 88: Compile check rapidjson (WITH_RAPIDJSON) (sub=0): g++  -g -O2 -fPIC -Wall -Wsign-compare -Wfloat-equal -Wpointer-arith -Wcast-align -Wall -Werror _mkltmpKVfMMm.cpp -o _mkltmpKVfMMm.cpp.o  -L/tmp/1431999136518149/cd6bbd60-ccfb-4157-8a94-407cf273a6e0-1431999136518149/nodejs/node_modules/node-rdkafka/build/deps 
DBG 88: compile check for rapidjson (WITH_RAPIDJSON) failed: g++  -g -O2 -fPIC -Wall -Wsign-compare -Wfloat-equal -Wpointer-arith -Wcast-align -Wall -Werror _mkltmpKVfMMm.cpp -o _mkltmpKVfMMm.cpp.o  -L/tmp/1431999136518149/cd6bbd60-ccfb-4157-8a94-407cf273a6e0-1431999136518149/nodejs/node_modules/node-rdkafka/build/deps : _mkltmpKVfMMm.cpp:1:30: fatal error: rapidjson/schema.h: No such file or directory
 #include <rapidjson/schema.h>
                              ^
compilation terminated.
DBG 88: Setting rapidjson (rapidjson) status to failed (action disable)
DBG 88: Check rapidjson (WITH_RAPIDJSON, action disable (originally disable)) failed: compile check failed:
CC: CXX
flags: 
g++  -g -O2 -fPIC -Wall -Wsign-compare -Wfloat-equal -Wpointer-arith -Wcast-align -Wall -Werror _mkltmpKVfMMm.cpp -o _mkltmpKVfMMm.cpp.o  -L/tmp/1431999136518149/cd6bbd60-ccfb-4157-8a94-407cf273a6e0-1431999136518149/nodejs/node_modules/node-rdkafka/build/deps :
_mkltmpKVfMMm.cpp:1:30: fatal error: rapidjson/schema.h: No such file or directory
 #include <rapidjson/schema.h>
                              ^
compilation terminated.
source: #include <rapidjson/schema.h>
DBG 88: Compile check crc32chw (WITH_CRC32C_HW) (sub=0): gcc  -g -O2 -fPIC -Wall -Wsign-compare -Wfloat-equal -Wpointer-arith -Wcast-align -Wall -Werror _mkltmpfa0cxV.c -o _mkltmpfa0cxV.c.o  -L/tmp/1431999136518149/cd6bbd60-ccfb-4157-8a94-407cf273a6e0-1431999136518149/nodejs/node_modules/node-rdkafka/build/deps 
DBG 88: Setting crc32chw (crc32chw) status to ok (action disable)
DBG 88: Compile check regex (HAVE_REGEX) (sub=0): gcc  -g -O2 -fPIC -Wall -Wsign-compare -Wfloat-equal -Wpointer-arith -Wcast-align -Wall -Werror _mkltmp464OEQ.c -o _mkltmp464OEQ.c.o  -L/tmp/1431999136518149/cd6bbd60-ccfb-4157-8a94-407cf273a6e0-1431999136518149/nodejs/node_modules/node-rdkafka/build/deps 
DBG 88: Setting regex (regex) status to ok (action disable)
DBG 88: Compile check rand_r (HAVE_RAND_R) (sub=0): gcc  -g -O2 -fPIC -Wall -Wsign-compare -Wfloat-equal -Wpointer-arith -Wcast-align -Wall -Werror _mkltmptjaDyP.c -o _mkltmptjaDyP.c.o  -L/tmp/1431999136518149/cd6bbd60-ccfb-4157-8a94-407cf273a6e0-1431999136518149/nodejs/node_modules/node-rdkafka/build/deps 
DBG 88: Setting rand_r (rand_r) status to ok (action disable)
DBG 88: Compile check strndup (HAVE_STRNDUP) (sub=0): gcc  -g -O2 -fPIC -Wall -Wsign-compare -Wfloat-equal -Wpointer-arith -Wcast-align -Wall -Werror _mkltmpmkE3SG.c -o _mkltmpmkE3SG.c.o  -L/tmp/1431999136518149/cd6bbd60-ccfb-4157-8a94-407cf273a6e0-1431999136518149/nodejs/node_modules/node-rdkafka/build/deps 
DBG 88: Setting strndup (strndup) status to ok (action disable)
DBG 88: Compile check strlcpy (HAVE_STRLCPY) (sub=0): gcc  -g -O2 -fPIC -Wall -Wsign-compare -Wfloat-equal -Wpointer-arith -Wcast-align -Wall -Werror _mkltmpBD3r98.c -o _mkltmpBD3r98.c.o  -L/tmp/1431999136518149/cd6bbd60-ccfb-4157-8a94-407cf273a6e0-1431999136518149/nodejs/node_modules/node-rdkafka/build/deps 
DBG 88: compile check for strlcpy (HAVE_STRLCPY) failed: gcc  -g -O2 -fPIC -Wall -Wsign-compare -Wfloat-equal -Wpointer-arith -Wcast-align -Wall -Werror _mkltmpBD3r98.c -o _mkltmpBD3r98.c.o  -L/tmp/1431999136518149/cd6bbd60-ccfb-4157-8a94-407cf273a6e0-1431999136518149/nodejs/node_modules/node-rdkafka/build/deps : _mkltmpBD3r98.c: In function ‘foo’:
_mkltmpBD3r98.c:6:11: error: implicit declaration of function ‘strlcpy’ [-Werror=implicit-function-declaration]
    return strlcpy(dest, "something", sizeof(dest));
           ^~~~~~~
cc1: all warnings being treated as errors
DBG 88: Setting strlcpy (strlcpy) status to failed (action disable)
DBG 88: Check strlcpy (HAVE_STRLCPY, action disable (originally disable)) failed: compile check failed:
CC: CC
flags: 
gcc  -g -O2 -fPIC -Wall -Wsign-compare -Wfloat-equal -Wpointer-arith -Wcast-align -Wall -Werror _mkltmpBD3r98.c -o _mkltmpBD3r98.c.o  -L/tmp/1431999136518149/cd6bbd60-ccfb-4157-8a94-407cf273a6e0-1431999136518149/nodejs/node_modules/node-rdkafka/build/deps :
_mkltmpBD3r98.c: In function ‘foo’:
_mkltmpBD3r98.c:6:11: error: implicit declaration of function ‘strlcpy’ [-Werror=implicit-function-declaration]
    return strlcpy(dest, "something", sizeof(dest));
           ^~~~~~~
cc1: all warnings being treated as errors
source: 
#define _DARWIN_C_SOURCE
#include <string.h>
int foo (void) {
    char dest[4];
   return strlcpy(dest, "something", sizeof(dest));
}
DBG 88: Compile check strerror_r (HAVE_STRERROR_R) (sub=0): gcc  -g -O2 -fPIC -Wall -Wsign-compare -Wfloat-equal -Wpointer-arith -Wcast-align -Wall -Werror _mkltmpualiqR.c -o _mkltmpualiqR.c.o  -L/tmp/1431999136518149/cd6bbd60-ccfb-4157-8a94-407cf273a6e0-1431999136518149/nodejs/node_modules/node-rdkafka/build/deps 
DBG 88: Setting strerror_r (strerror_r) status to ok (action disable)
DBG 88: Compile check strcasestr (HAVE_STRCASESTR) (sub=0): gcc  -g -O2 -fPIC -Wall -Wsign-compare -Wfloat-equal -Wpointer-arith -Wcast-align -Wall -Werror _mkltmpUNpNFi.c -o _mkltmpUNpNFi.c.o  -L/tmp/1431999136518149/cd6bbd60-ccfb-4157-8a94-407cf273a6e0-1431999136518149/nodejs/node_modules/node-rdkafka/build/deps 
DBG 88: Setting strcasestr (strcasestr) status to ok (action disable)
DBG 88: Compile check pthread_setname_gnu (HAVE_PTHREAD_SETNAME_GNU) (sub=0): gcc  -g -O2 -fPIC -Wall -Wsign-compare -Wfloat-equal -Wpointer-arith -Wcast-align -Wall -Werror _mkltmp0FKcmY.c -o _mkltmp0FKcmY.c.o  -L/tmp/1431999136518149/cd6bbd60-ccfb-4157-8a94-407cf273a6e0-1431999136518149/nodejs/node_modules/node-rdkafka/build/deps -D_GNU_SOURCE -lpthread
DBG 88: Setting pthread_setname_gnu (pthread_setname_gnu) status to ok (action disable)
DBG 88: Setting nm (nm) status to ok (action cont)
DBG 88: Setting python3 (python3) status to ok (action disable)
DBG 88: Compile check getrusage (HAVE_GETRUSAGE) (sub=0): gcc  -g -O2 -fPIC -Wall -Wsign-compare -Wfloat-equal -Wpointer-arith -Wcast-align -Wall -Werror _mkltmpKPDutA.c -o _mkltmpKPDutA.c.o  -L/tmp/1431999136518149/cd6bbd60-ccfb-4157-8a94-407cf273a6e0-1431999136518149/nodejs/node_modules/node-rdkafka/build/deps 
DBG 88: Setting getrusage (getrusage) status to ok (action disable)
